<?xml version="1.0" encoding="UTF-8"?>
<!-- Generated by org.testng.reporters.JUnitReportReporter -->
<testsuite hostname="DESKTOP-QBFP0JU" name="com.inetBanking.testCases.TC_AddCustomerTest_003" tests="1" failures="0" timestamp="24 Dec 2020 06:55:45 GMT" time="15.797" errors="0">
  <testcase name="addNewCustomer" time="15.797" classname="com.inetBanking.testCases.TC_AddCustomerTest_003"/>
</testsuite> <!-- com.inetBanking.testCases.TC_AddCustomerTest_003 -->
