<?xml version="1.0" encoding="UTF-8"?>
<!-- Generated by org.testng.reporters.JUnitReportReporter -->
<testsuite skipped="0" hostname="DESKTOP-QBFP0JU" name="com.inetBanking.testCases.TC_LoginTest_001" tests="1" failures="0" timestamp="24 Dec 2020 07:04:44 GMT" time="2.595" errors="0">
  <testcase name="loginTest" time="2.595" classname="com.inetBanking.testCases.TC_LoginTest_001"/>
</testsuite> <!-- com.inetBanking.testCases.TC_LoginTest_001 -->
